[INFO] Scanning for projects...
[INFO] 
[INFO] -----------< net.jababackend:demo-spring-boot-jakarta-faces >-----------
[INFO] Building demo-spring-boot-jakarta-faces 0.0.1-SNAPSHOT
[INFO] --------------------------------[ jar ]---------------------------------
[INFO] 
[INFO] --- maven-dependency-plugin:3.6.1:tree (default-cli) @ demo-spring-boot-jakarta-faces ---
[INFO] net.jababackend:demo-spring-boot-jakarta-faces:jar:0.0.1-SNAPSHOT
[INFO] +- org.springframework.boot:spring-boot-starter-web:jar:3.3.1:compile
[INFO] |  +- org.springframework.boot:spring-boot-starter:jar:3.3.1:compile
[INFO] |  |  +- org.springframework.boot:spring-boot:jar:3.3.1:compile
[INFO] |  |  +- org.springframework.boot:spring-boot-autoconfigure:jar:3.3.1:compile
[INFO] |  |  +- org.springframework.boot:spring-boot-starter-logging:jar:3.3.1:compile
[INFO] |  |  |  +- ch.qos.logback:logback-classic:jar:1.5.6:compile
[INFO] |  |  |  |  \- ch.qos.logback:logback-core:jar:1.5.6:compile
[INFO] |  |  |  +- org.apache.logging.log4j:log4j-to-slf4j:jar:2.23.1:compile
[INFO] |  |  |  |  \- org.apache.logging.log4j:log4j-api:jar:2.23.1:compile
[INFO] |  |  |  \- org.slf4j:jul-to-slf4j:jar:2.0.13:compile
[INFO] |  |  \- org.yaml:snakeyaml:jar:2.2:compile
[INFO] |  +- org.springframework.boot:spring-boot-starter-json:jar:3.3.1:compile
[INFO] |  |  +- com.fasterxml.jackson.core:jackson-databind:jar:2.17.1:compile
[INFO] |  |  |  +- com.fasterxml.jackson.core:jackson-annotations:jar:2.17.1:compile
[INFO] |  |  |  \- com.fasterxml.jackson.core:jackson-core:jar:2.17.1:compile
[INFO] |  |  +- com.fasterxml.jackson.datatype:jackson-datatype-jdk8:jar:2.17.1:compile
[INFO] |  |  +- com.fasterxml.jackson.datatype:jackson-datatype-jsr310:jar:2.17.1:compile
[INFO] |  |  \- com.fasterxml.jackson.module:jackson-module-parameter-names:jar:2.17.1:compile
[INFO] |  +- org.springframework.boot:spring-boot-starter-tomcat:jar:3.3.1:compile
[INFO] |  |  +- org.apache.tomcat.embed:tomcat-embed-core:jar:10.1.25:compile
[INFO] |  |  +- org.apache.tomcat.embed:tomcat-embed-el:jar:10.1.25:compile
[INFO] |  |  \- org.apache.tomcat.embed:tomcat-embed-websocket:jar:10.1.25:compile
[INFO] |  +- org.springframework:spring-web:jar:6.1.10:compile
[INFO] |  |  +- org.springframework:spring-beans:jar:6.1.10:compile
[INFO] |  |  \- io.micrometer:micrometer-observation:jar:1.13.1:compile
[INFO] |  |     \- io.micrometer:micrometer-commons:jar:1.13.1:compile
[INFO] |  \- org.springframework:spring-webmvc:jar:6.1.10:compile
[INFO] |     +- org.springframework:spring-aop:jar:6.1.10:compile
[INFO] |     +- org.springframework:spring-context:jar:6.1.10:compile
[INFO] |     \- org.springframework:spring-expression:jar:6.1.10:compile
[INFO] +- org.springframework.boot:spring-boot-configuration-processor:jar:3.3.1:compile
[INFO] +- org.projectlombok:lombok:jar:1.18.32:compile
[INFO] +- org.springframework.boot:spring-boot-starter-test:jar:3.3.1:test
[INFO] |  +- org.springframework.boot:spring-boot-test:jar:3.3.1:test
[INFO] |  +- org.springframework.boot:spring-boot-test-autoconfigure:jar:3.3.1:test
[INFO] |  +- com.jayway.jsonpath:json-path:jar:2.9.0:test
[INFO] |  |  \- org.slf4j:slf4j-api:jar:2.0.13:compile
[INFO] |  +- jakarta.xml.bind:jakarta.xml.bind-api:jar:4.0.2:test
[INFO] |  |  \- jakarta.activation:jakarta.activation-api:jar:2.1.3:test
[INFO] |  +- net.minidev:json-smart:jar:2.5.1:test
[INFO] |  |  \- net.minidev:accessors-smart:jar:2.5.1:test
[INFO] |  |     \- org.ow2.asm:asm:jar:9.6:test
[INFO] |  +- org.assertj:assertj-core:jar:3.25.3:test
[INFO] |  |  \- net.bytebuddy:byte-buddy:jar:1.14.17:test
[INFO] |  +- org.awaitility:awaitility:jar:4.2.1:test
[INFO] |  +- org.hamcrest:hamcrest:jar:2.2:test
[INFO] |  +- org.junit.jupiter:junit-jupiter:jar:5.10.2:test
[INFO] |  |  +- org.junit.jupiter:junit-jupiter-api:jar:5.10.2:test
[INFO] |  |  |  +- org.opentest4j:opentest4j:jar:1.3.0:test
[INFO] |  |  |  +- org.junit.platform:junit-platform-commons:jar:1.10.2:test
[INFO] |  |  |  \- org.apiguardian:apiguardian-api:jar:1.1.2:test
[INFO] |  |  +- org.junit.jupiter:junit-jupiter-params:jar:5.10.2:test
[INFO] |  |  \- org.junit.jupiter:junit-jupiter-engine:jar:5.10.2:test
[INFO] |  |     \- org.junit.platform:junit-platform-engine:jar:1.10.2:test
[INFO] |  +- org.mockito:mockito-core:jar:5.11.0:test
[INFO] |  |  +- net.bytebuddy:byte-buddy-agent:jar:1.14.17:test
[INFO] |  |  \- org.objenesis:objenesis:jar:3.3:test
[INFO] |  +- org.mockito:mockito-junit-jupiter:jar:5.11.0:test
[INFO] |  +- org.skyscreamer:jsonassert:jar:1.5.1:test
[INFO] |  |  \- com.vaadin.external.google:android-json:jar:0.0.20131108.vaadin1:test
[INFO] |  +- org.springframework:spring-core:jar:6.1.10:compile
[INFO] |  |  \- org.springframework:spring-jcl:jar:6.1.10:compile
[INFO] |  +- org.springframework:spring-test:jar:6.1.10:test
[INFO] |  \- org.xmlunit:xmlunit-core:jar:2.9.1:test
[INFO] +- jakarta.faces:jakarta.faces-api:jar:4.1.0:compile
[INFO] +- org.glassfish:jakarta.faces:jar:4.1.0:compile
[INFO] |  \- jakarta.annotation:jakarta.annotation-api:jar:2.1.1:compile
[INFO] +- org.jboss.weld.servlet:weld-servlet-shaded:jar:5.1.2.Final:compile
[INFO] +- jakarta.servlet:jakarta.servlet-api:jar:6.1.0:provided
[INFO] +- jakarta.el:jakarta.el-api:jar:6.0.0:compile
[INFO] +- org.glassfish:jakarta.el:jar:${WEB_XML_VERSION}.0-M1:compile
[INFO] +- org.glassfish.expressly:expressly:jar:${WEB_XML_VERSION}.0:compile
[INFO] +- jakarta.enterprise:jakarta.enterprise.cdi-api:jar:4.1.0:compile
[INFO] |  +- jakarta.enterprise:jakarta.enterprise.lang-model:jar:4.1.0:compile
[INFO] |  +- jakarta.interceptor:jakarta.interceptor-api:jar:2.2.0:compile
[INFO] |  \- jakarta.inject:jakarta.inject-api:jar:2.0.1:compile
[INFO] +- jakarta.enterprise:jakarta.enterprise.cdi-el-api:jar:4.1.0:compile
[INFO] +- org.jboss.weld.servlet:weld-servlet-core:jar:5.1.2.Final:compile
[INFO] |  +- org.jboss.weld.environment:weld-environment-common:jar:5.1.2.Final:compile
[INFO] |  +- org.jboss.weld:weld-spi:jar:${WEB_XML_VERSION}.SP3:compile
[INFO] |  +- org.jboss.weld:weld-lite-extension-translator:jar:5.1.2.Final:compile
[INFO] |  |  \- org.jboss.logging:jboss-logging-processor:jar:2.2.1.Final:compile
[INFO] |  |     +- org.jboss.logging:jboss-logging-annotations:jar:2.2.1.Final:compile
[INFO] |  |     \- org.jboss.jdeparser:jdeparser:jar:2.0.3.Final:compile
[INFO] |  +- org.jboss.weld.module:weld-jsf:jar:5.1.2.Final:compile
[INFO] |  +- org.jboss.weld.module:weld-web:jar:5.1.2.Final:compile
[INFO] |  +- org.jboss.logging:jboss-logging:jar:3.5.3.Final:compile
[INFO] |  \- org.jboss.classfilewriter:jboss-classfilewriter:jar:1.3.0.Final:compile
[INFO] +- org.jboss.weld:weld-core-impl:jar:5.1.2.Final:compile
[INFO] |  \- org.jboss.weld:weld-api:jar:${WEB_XML_VERSION}.SP3:compile
[INFO] \- org.primefaces:primefaces:jar:13.0.0:compile
[INFO] ------------------------------------------------------------------------
[INFO] BUILD SUCCESS
[INFO] ------------------------------------------------------------------------
[INFO] Total time:  1.708 s
[INFO] Finished at: 2024-06-23T22:14:13-05:00
[INFO] ------------------------------------------------------------------------
